/Users/Afrah/.rvm/rubies/ruby-1.9.2-p290/bin/ruby extconf.rb 
In file included from fsevent_sleep.c:1:
/System/Library/Frameworks/CoreServices.framework/Headers/CoreServices.h:21:19: error: AE/AE.h: No such file or directory
/System/Library/Frameworks/CoreServices.framework/Headers/CoreServices.h:25:35: error: CarbonCore/CarbonCore.h: No such file or directory
/System/Library/Frameworks/CoreServices.framework/Headers/CoreServices.h:29:35: error: OSServices/OSServices.h: No such file or directory
/System/Library/Frameworks/CoreServices.framework/Headers/CoreServices.h:33:43: error: CoreFoundation/CoreFoundation.h: No such file or directory
/System/Library/Frameworks/CoreServices.framework/Headers/CoreServices.h:37:33: error: CFNetwork/CFNetwork.h: No such file or directory
/System/Library/Frameworks/CoreServices.framework/Headers/CoreServices.h:41:43: error: LaunchServices/LaunchServices.h: No such file or directory
In file included from /System/Library/Frameworks/CoreServices.framework/Frameworks/SearchKit.framework/Headers/SearchKit.h:30,
                 from /System/Library/Frameworks/CoreServices.framework/Headers/CoreServices.h:45,
                 from fsevent_sleep.c:1:
/System/Library/Frameworks/CoreServices.framework/Frameworks/SearchKit.framework/Headers/SKDocument.h:20:35: error: CoreFoundation/CFBase.h: No such file or directory
/System/Library/Frameworks/CoreServices.framework/Frameworks/SearchKit.framework/Headers/SKDocument.h:24:34: error: CoreFoundation/CFURL.h: No such file or directory
In file included from /System/Library/Frameworks/CoreServices.framework/Frameworks/SearchKit.framework/Headers/SearchKit.h:30,
                 from /System/Library/Frameworks/CoreServices.framework/Headers/CoreServices.h:45,
                 from fsevent_sleep.c:1:
/System/Library/Frameworks/CoreServices.framework/Frameworks/SearchKit.framework/Headers/SKDocument.h:51: error: expected â€˜=â€™, â€˜,â€™, â€˜;â€™, â€˜asmâ€™ or â€˜__attribute__â€™ before â€˜SKDocumentRefâ€™
/System/Library/Frameworks/CoreServices.framework/Frameworks/SearchKit.framework/Headers/SKDocument.h:67: error: expected â€˜=â€™, â€˜,â€™, â€˜;â€™, â€˜asmâ€™ or â€˜__attribute__â€™ before â€˜SKDocumentGetTypeIDâ€™
/System/Library/Frameworks/CoreServices.framework/Frameworks/SearchKit.framework/Headers/SKDocument.h:98: error: expected â€˜=â€™, â€˜,â€™, â€˜;â€™, â€˜asmâ€™ or â€˜__attribute__â€™ before â€˜SKDocumentCreateWithURLâ€™
/System/Library/Frameworks/CoreServices.framework/Frameworks/SearchKit.framework/Headers/SKDocument.h:116: error: expected â€˜=â€™, â€˜,â€™, â€˜;â€™, â€˜asmâ€™ or â€˜__attribute__â€™ before â€˜SKDocumentCopyURLâ€™
/System/Library/Frameworks/CoreServices.framework/Frameworks/SearchKit.framework/Headers/SKDocument.h:157: error: expected â€˜=â€™, â€˜,â€™, â€˜;â€™, â€˜asmâ€™ or â€˜__attribute__â€™ before â€˜SKDocumentCreateâ€™
/System/Library/Frameworks/CoreServices.framework/Frameworks/SearchKit.framework/Headers/SKDocument.h:183: error: expected â€˜=â€™, â€˜,â€™, â€˜;â€™, â€˜asmâ€™ or â€˜__attribute__â€™ before â€˜SKDocumentGetSchemeNameâ€™
/System/Library/Frameworks/CoreServices.framework/Frameworks/SearchKit.framework/Headers/SKDocument.h:206: error: expected â€˜=â€™, â€˜,â€™, â€˜;â€™, â€˜asmâ€™ or â€˜__attribute__â€™ before â€˜SKDocumentGetNameâ€™
/System/Library/Frameworks/CoreServices.framework/Frameworks/SearchKit.framework/Headers/SKDocument.h:230: error: expected â€˜=â€™, â€˜,â€™, â€˜;â€™, â€˜asmâ€™ or â€˜__attribute__â€™ before â€˜SKDocumentGetParentâ€™
In file included from /System/Library/Frameworks/CoreServices.framework/Frameworks/SearchKit.framework/Headers/SearchKit.h:34,
                 from /System/Library/Frameworks/CoreServices.framework/Headers/CoreServices.h:45,
                 from fsevent_sleep.c:1:
/System/Library/Frameworks/CoreServices.framework/Frameworks/SearchKit.framework/Headers/SKAnalysis.h:20:37: error: CoreFoundation/CFString.h: No such file or directory
In file included from /System/Library/Frameworks/CoreServices.framework/Frameworks/SearchKit.framework/Headers/SearchKit.h:34,
                 from /System/Library/Frameworks/CoreServices.framework/Headers/CoreServices.h:45,
                 from fsevent_sleep.c:1:
/System/Library/Frameworks/CoreServices.framework/Frameworks/SearchKit.framework/Headers/SKAnalysis.h:54: error: expected â€˜=â€™, â€˜,â€™, â€˜;â€™, â€˜asmâ€™ or â€˜__attribute__â€™ before â€˜kSKMinTermLengthâ€™
/System/Library/Frameworks/CoreServices.framework/Frameworks/SearchKit.framework/Headers/SKAnalysis.h:71: error: expected â€˜=â€™, â€˜,â€™, â€˜;â€™, â€˜asmâ€™ or â€˜__attribute__â€™ before â€˜kSKSubstitutionsâ€™
/System/Library/Frameworks/CoreServices.framework/Frameworks/SearchKit.framework/Headers/SKAnalysis.h:88: error: expected â€˜=â€™, â€˜,â€™, â€˜;â€™, â€˜asmâ€™ or â€˜__attribute__â€™ before â€˜kSKStopWordsâ€™
/System/Library/Frameworks/CoreServices.framework/Frameworks/SearchKit.framework/Headers/SKAnalysis.h:107: error: expected â€˜=â€™, â€˜,â€™, â€˜;â€™, â€˜asmâ€™ or â€˜__attribute__â€™ before â€˜kSKProximityIndexingâ€™
/System/Library/Frameworks/CoreServices.framework/Frameworks/SearchKit.framework/Headers/SKAnalysis.h:127: error: expected â€˜=â€™, â€˜,â€™, â€˜;â€™, â€˜asmâ€™ or â€˜__attribute__â€™ before â€˜kSKMaximumTermsâ€™
/System/Library/Frameworks/CoreServices.framework/Frameworks/SearchKit.framework/Headers/SKAnalysis.h:146: error: expected â€˜=â€™, â€˜,â€™, â€˜;â€™, â€˜asmâ€™ or â€˜__attribute__â€™ before â€˜kSKTermCharsâ€™
/System/Library/Frameworks/CoreServices.framework/Frameworks/SearchKit.framework/Headers/SKAnalysis.h:165: error: expected â€˜=â€™, â€˜,â€™, â€˜;â€™, â€˜asmâ€™ or â€˜__attribute__â€™ before â€˜kSKStartTermCharsâ€™
/System/Library/Frameworks/CoreServices.framework/Frameworks/SearchKit.framework/Headers/SKAnalysis.h:184: error: expected â€˜=â€™, â€˜,â€™, â€˜;â€™, â€˜asmâ€™ or â€˜__attribute__â€™ before â€˜kSKEndTermCharsâ€™
/System/Library/Frameworks/CoreServices.framework/Frameworks/SearchKit.framework/Headers/SKAnalysis.h:207: error: expected â€˜=â€™, â€˜,â€™, â€˜;â€™, â€˜asmâ€™ or â€˜__attribute__â€™ before â€˜kSKLanguageTypesâ€™
In file included from /System/Library/Frameworks/CoreServices.framework/Frameworks/SearchKit.framework/Headers/SearchKit.h:38,
                 from /System/Library/Frameworks/CoreServices.framework/Headers/CoreServices.h:45,
                 from fsevent_sleep.c:1:
/System/Library/Frameworks/CoreServices.framework/Frameworks/SearchKit.framework/Headers/SKIndex.h:28:41: error: CoreFoundation/CFDictionary.h: No such file or directory
In file included from /System/Library/Frameworks/CoreServices.framework/Frameworks/SearchKit.framework/Headers/SearchKit.h:38,
                 from /System/Library/Frameworks/CoreServices.framework/Headers/CoreServices.h:45,
                 from fsevent_sleep.c:1:
/System/Library/Frameworks/CoreServices.framework/Frameworks/SearchKit.framework/Headers/SKIndex.h:75: error: expected â€˜=â€™, â€˜,â€™, â€˜;â€™, â€˜asmâ€™ or â€˜__attribute__â€™ before â€˜SKIndexGetTypeIDâ€™
/System/Library/Frameworks/CoreServices.framework/Frameworks/SearchKit.framework/Headers/SKIndex.h:99: error: expected â€˜=â€™, â€˜,â€™, â€˜;â€™, â€˜asmâ€™ or â€˜__attribute__â€™ before â€˜SKIndexDocumentIteratorGetTypeIDâ€™
/System/Library/Frameworks/CoreServices.framework/Frameworks/SearchKit.framework/Headers/SKIndex.h:215: error: expected â€˜)â€™ before â€˜inURLâ€™
/System/Library/Frameworks/CoreServices.framework/Frameworks/SearchKit.framework/Headers/SKIndex.h:256: error: expected â€˜)â€™ before â€˜inURLâ€™
/System/Library/Frameworks/CoreServices.framework/Frameworks/SearchKit.framework/Headers/SKIndex.h:295: error: expected â€˜)â€™ before â€˜inDataâ€™
/System/Library/Frameworks/CoreServices.framework/Frameworks/SearchKit.framework/Headers/SKIndex.h:332: error: expected â€˜)â€™ before â€˜inDataâ€™
/System/Library/Frameworks/CoreServices.framework/Frameworks/SearchKit.framework/Headers/SKIndex.h:368: error: expected â€˜)â€™ before â€˜inDataâ€™
/System/Library/Frameworks/CoreServices.framework/Frameworks/SearchKit.framework/Headers/SKIndex.h:394: error: expected â€˜=â€™, â€˜,â€™, â€˜;â€™, â€˜asmâ€™ or â€˜__attribute__â€™ before â€˜SKIndexFlushâ€™
/System/Library/Frameworks/CoreServices.framework/Frameworks/SearchKit.framework/Headers/SKIndex.h:411: error: expected declaration specifiers or â€˜...â€™ before â€˜CFIndexâ€™
/System/Library/Frameworks/CoreServices.framework/Frameworks/SearchKit.framework/Headers/SKIndex.h:430: error: expected â€˜=â€™, â€˜,â€™, â€˜;â€™, â€˜asmâ€™ or â€˜__attribute__â€™ before â€˜SKIndexGetMaximumBytesBeforeFlushâ€™
/System/Library/Frameworks/CoreServices.framework/Frameworks/SearchKit.framework/Headers/SKIndex.h:456: error: expected â€˜=â€™, â€˜,â€™, â€˜;â€™, â€˜asmâ€™ or â€˜__attribute__â€™ before â€˜SKIndexCompactâ€™
/System/Library/Frameworks/CoreServices.framework/Frameworks/SearchKit.framework/Headers/SKIndex.h:498: error: expected â€˜=â€™, â€˜,â€™, â€˜;â€™, â€˜asmâ€™ or â€˜__attribute__â€™ before â€˜SKIndexGetAnalysisPropertiesâ€™
/System/Library/Frameworks/CoreServices.framework/Frameworks/SearchKit.framework/Headers/SKIndex.h:522: error: expected â€˜=â€™, â€˜,â€™, â€˜;â€™, â€˜asmâ€™ or â€˜__attribute__â€™ before â€˜SKIndexGetDocumentCountâ€™
/System/Library/Frameworks/CoreServices.framework/Frameworks/SearchKit.framework/Headers/SKIndex.h:543: error: expected â€˜=â€™, â€˜,â€™, â€˜;â€™, â€˜asmâ€™ or â€˜__attribute__â€™ before â€˜SKDocumentIDâ€™
/System/Library/Frameworks/CoreServices.framework/Frameworks/SearchKit.framework/Headers/SKIndex.h:575: error: expected â€˜=â€™, â€˜,â€™, â€˜;â€™, â€˜asmâ€™ or â€˜__attribute__â€™ before â€˜SKIndexAddDocumentWithTextâ€™
/System/Library/Frameworks/CoreServices.framework/Frameworks/SearchKit.framework/Headers/SKIndex.h:624: error: expected â€˜=â€™, â€˜,â€™, â€˜;â€™, â€˜asmâ€™ or â€˜__attribute__â€™ before â€˜SKIndexAddDocumentâ€™
/System/Library/Frameworks/CoreServices.framework/Frameworks/SearchKit.framework/Headers/SKIndex.h:656: error: expected â€˜=â€™, â€˜,â€™, â€˜;â€™, â€˜asmâ€™ or â€˜__attribute__â€™ before â€˜SKIndexRemoveDocumentâ€™
/System/Library/Frameworks/CoreServices.framework/Frameworks/SearchKit.framework/Headers/SKIndex.h:677: error: expected â€˜=â€™, â€˜,â€™, â€˜;â€™, â€˜asmâ€™ or â€˜__attribute__â€™ before â€˜SKIndexCopyDocumentPropertiesâ€™
/System/Library/Frameworks/CoreServices.framework/Frameworks/SearchKit.framework/Headers/SKIndex.h:698: error: expected declaration specifiers or â€˜...â€™ before â€˜SKDocumentRefâ€™
/System/Library/Frameworks/CoreServices.framework/Frameworks/SearchKit.framework/Headers/SKIndex.h:699: error: expected declaration specifiers or â€˜...â€™ before â€˜CFDictionaryRefâ€™
/System/Library/Frameworks/CoreServices.framework/Frameworks/SearchKit.framework/Headers/SKIndex.h:723: error: expected declaration specifiers or â€˜...â€™ before â€˜SKDocumentRefâ€™
/System/Library/Frameworks/CoreServices.framework/Frameworks/SearchKit.framework/Headers/SKIndex.h:742: error: expected â€˜=â€™, â€˜,â€™, â€˜;â€™, â€˜asmâ€™ or â€˜__attribute__â€™ before â€˜SKIndexGetDocumentIDâ€™
/System/Library/Frameworks/CoreServices.framework/Frameworks/SearchKit.framework/Headers/SKIndex.h:759: error: expected â€˜=â€™, â€˜,â€™, â€˜;â€™, â€˜asmâ€™ or â€˜__attribute__â€™ before â€˜SKIndexCopyDocumentForDocumentIDâ€™
/System/Library/Frameworks/CoreServices.framework/Frameworks/SearchKit.framework/Headers/SKIndex.h:776: error: expected â€˜=â€™, â€˜,â€™, â€˜;â€™, â€˜asmâ€™ or â€˜__attribute__â€™ before â€˜SKIndexRenameDocumentâ€™
/System/Library/Frameworks/CoreServices.framework/Frameworks/SearchKit.framework/Headers/SKIndex.h:794: error: expected â€˜=â€™, â€˜,â€™, â€˜;â€™, â€˜asmâ€™ or â€˜__attribute__â€™ before â€˜SKIndexMoveDocumentâ€™
/System/Library/Frameworks/CoreServices.framework/Frameworks/SearchKit.framework/Headers/SKIndex.h:815: error: expected declaration specifiers or â€˜...â€™ before â€˜SKDocumentRefâ€™
/System/Library/Frameworks/CoreServices.framework/Frameworks/SearchKit.framework/Headers/SKIndex.h:835: error: expected â€˜=â€™, â€˜,â€™, â€˜;â€™, â€˜asmâ€™ or â€˜__attribute__â€™ before â€˜SKIndexDocumentIteratorCopyNextâ€™
/System/Library/Frameworks/CoreServices.framework/Frameworks/SearchKit.framework/Headers/SKIndex.h:853: error: expected â€˜=â€™, â€˜,â€™, â€˜;â€™, â€˜asmâ€™ or â€˜__attribute__â€™ before â€˜SKIndexGetMaximumDocumentIDâ€™
/System/Library/Frameworks/CoreServices.framework/Frameworks/SearchKit.framework/Headers/SKIndex.h:868: error: expected â€˜=â€™, â€˜,â€™, â€˜;â€™, â€˜asmâ€™ or â€˜__attribute__â€™ before â€˜SKIndexGetDocumentTermCountâ€™
/System/Library/Frameworks/CoreServices.framework/Frameworks/SearchKit.framework/Headers/SKIndex.h:888: error: expected â€˜=â€™, â€˜,â€™, â€˜;â€™, â€˜asmâ€™ or â€˜__attribute__â€™ before â€˜SKIndexCopyTermIDArrayForDocumentIDâ€™
/System/Library/Frameworks/CoreServices.framework/Frameworks/SearchKit.framework/Headers/SKIndex.h:905: error: expected â€˜=â€™, â€˜,â€™, â€˜;â€™, â€˜asmâ€™ or â€˜__attribute__â€™ before â€˜SKIndexGetDocumentTermFrequencyâ€™
/System/Library/Frameworks/CoreServices.framework/Frameworks/SearchKit.framework/Headers/SKIndex.h:928: error: expected â€˜=â€™, â€˜,â€™, â€˜;â€™, â€˜asmâ€™ or â€˜__attribute__â€™ before â€˜SKIndexGetMaximumTermIDâ€™
/System/Library/Frameworks/CoreServices.framework/Frameworks/SearchKit.framework/Headers/SKIndex.h:943: error: expected â€˜=â€™, â€˜,â€™, â€˜;â€™, â€˜asmâ€™ or â€˜__attribute__â€™ before â€˜SKIndexGetTermDocumentCountâ€™
/System/Library/Frameworks/CoreServices.framework/Frameworks/SearchKit.framework/Headers/SKIndex.h:963: error: expected â€˜=â€™, â€˜,â€™, â€˜;â€™, â€˜asmâ€™ or â€˜__attribute__â€™ before â€˜SKIndexCopyDocumentIDArrayForTermIDâ€™
/System/Library/Frameworks/CoreServices.framework/Frameworks/SearchKit.framework/Headers/SKIndex.h:980: error: expected â€˜=â€™, â€˜,â€™, â€˜;â€™, â€˜asmâ€™ or â€˜__attribute__â€™ before â€˜SKIndexCopyTermStringForTermIDâ€™
/System/Library/Frameworks/CoreServices.framework/Frameworks/SearchKit.framework/Headers/SKIndex.h:1000: error: expected â€˜=â€™, â€˜,â€™, â€˜;â€™, â€˜asmâ€™ or â€˜__attribute__â€™ before â€˜SKIndexGetTermIDForTermStringâ€™
In file included from /System/Library/Frameworks/CoreServices.framework/Frameworks/SearchKit.framework/Headers/SearchKit.h:42,
                 from /System/Library/Frameworks/CoreServices.framework/Headers/CoreServices.h:45,
                 from fsevent_sleep.c:1:
/System/Library/Frameworks/CoreServices.framework/Frameworks/SearchKit.framework/Headers/SKSearch.h:32:35: error: CoreFoundation/CFDate.h: No such file or directory
In file included from /System/Library/Frameworks/CoreServices.framework/Frameworks/SearchKit.framework/Headers/SearchKit.h:42,
                 from /System/Library/Frameworks/CoreServices.framework/Headers/CoreServices.h:45,
                 from fsevent_sleep.c:1:
/System/Library/Frameworks/CoreServices.framework/Frameworks/SearchKit.framework/Headers/SKSearch.h:79: error: expected â€˜=â€™, â€˜,â€™, â€˜;â€™, â€˜asmâ€™ or â€˜__attribute__â€™ before â€˜SKSearchGetTypeIDâ€™
/System/Library/Frameworks/CoreServices.framework/Frameworks/SearchKit.framework/Headers/SKSearch.h:90: error: expected â€˜=â€™, â€˜,â€™, â€˜;â€™, â€˜asmâ€™ or â€˜__attribute__â€™ before â€˜SKSearchOptionsâ€™
/System/Library/Frameworks/CoreServices.framework/Frameworks/SearchKit.framework/Headers/SKSearch.h:131: error: expected declaration specifiers or â€˜...â€™ before â€˜CFStringRefâ€™
/System/Library/Frameworks/CoreServices.framework/Frameworks/SearchKit.framework/Headers/SKSearch.h:132: error: expected declaration specifiers or â€˜...â€™ before â€˜SKSearchOptionsâ€™
/System/Library/Frameworks/CoreServices.framework/Frameworks/SearchKit.framework/Headers/SKSearch.h:195: error: expected â€˜=â€™, â€˜,â€™, â€˜;â€™, â€˜asmâ€™ or â€˜__attribute__â€™ before â€˜SKSearchFindMatchesâ€™
/System/Library/Frameworks/CoreServices.framework/Frameworks/SearchKit.framework/Headers/SKSearch.h:238: error: expected declaration specifiers or â€˜...â€™ before â€˜CFIndexâ€™
/System/Library/Frameworks/CoreServices.framework/Frameworks/SearchKit.framework/Headers/SKSearch.h:239: error: expected declaration specifiers or â€˜...â€™ before â€˜SKDocumentIDâ€™
/System/Library/Frameworks/CoreServices.framework/Frameworks/SearchKit.framework/Headers/SKSearch.h:240: error: expected declaration specifiers or â€˜...â€™ before â€˜CFStringRefâ€™
/System/Library/Frameworks/CoreServices.framework/Frameworks/SearchKit.framework/Headers/SKSearch.h:241: error: expected declaration specifiers or â€˜...â€™ before â€˜SKDocumentIDâ€™
/System/Library/Frameworks/CoreServices.framework/Frameworks/SearchKit.framework/Headers/SKSearch.h:272: error: expected declaration specifiers or â€˜...â€™ before â€˜CFIndexâ€™
/System/Library/Frameworks/CoreServices.framework/Frameworks/SearchKit.framework/Headers/SKSearch.h:273: error: expected declaration specifiers or â€˜...â€™ before â€˜SKDocumentIDâ€™
/System/Library/Frameworks/CoreServices.framework/Frameworks/SearchKit.framework/Headers/SKSearch.h:274: error: expected declaration specifiers or â€˜...â€™ before â€˜SKDocumentRefâ€™
/System/Library/Frameworks/CoreServices.framework/Frameworks/SearchKit.framework/Headers/SKSearch.h:305: error: expected declaration specifiers or â€˜...â€™ before â€˜CFIndexâ€™
/System/Library/Frameworks/CoreServices.framework/Frameworks/SearchKit.framework/Headers/SKSearch.h:306: error: expected declaration specifiers or â€˜...â€™ before â€˜SKDocumentIDâ€™
/System/Library/Frameworks/CoreServices.framework/Frameworks/SearchKit.framework/Headers/SKSearch.h:307: error: expected declaration specifiers or â€˜...â€™ before â€˜CFURLRefâ€™
/System/Library/Frameworks/CoreServices.framework/Frameworks/SearchKit.framework/Headers/SKSearch.h:336: error: expected â€˜=â€™, â€˜,â€™, â€˜;â€™, â€˜asmâ€™ or â€˜__attribute__â€™ before â€˜SKSearchGroupGetTypeIDâ€™
/System/Library/Frameworks/CoreServices.framework/Frameworks/SearchKit.framework/Headers/SKSearch.h:359: error: expected â€˜=â€™, â€˜,â€™, â€˜;â€™, â€˜asmâ€™ or â€˜__attribute__â€™ before â€˜SKSearchResultsGetTypeIDâ€™
/System/Library/Frameworks/CoreServices.framework/Frameworks/SearchKit.framework/Headers/SKSearch.h:411: error: expected declaration specifiers or â€˜...â€™ before â€˜SKDocumentRefâ€™
/System/Library/Frameworks/CoreServices.framework/Frameworks/SearchKit.framework/Headers/SKSearch.h:411: error: â€˜CALLBACK_API_Câ€™ declared as function returning a function
/System/Library/Frameworks/CoreServices.framework/Frameworks/SearchKit.framework/Headers/SKSearch.h:435: error: expected â€˜)â€™ before â€˜inArrayOfInIndexesâ€™
/System/Library/Frameworks/CoreServices.framework/Frameworks/SearchKit.framework/Headers/SKSearch.h:453: error: expected â€˜=â€™, â€˜,â€™, â€˜;â€™, â€˜asmâ€™ or â€˜__attribute__â€™ before â€˜SKSearchGroupCopyIndexesâ€™
/System/Library/Frameworks/CoreServices.framework/Frameworks/SearchKit.framework/Headers/SKSearch.h:501: error: expected declaration specifiers or â€˜...â€™ before â€˜CFStringRefâ€™
/System/Library/Frameworks/CoreServices.framework/Frameworks/SearchKit.framework/Headers/SKSearch.h:503: error: expected declaration specifiers or â€˜...â€™ before â€˜CFIndexâ€™
/System/Library/Frameworks/CoreServices.framework/Frameworks/SearchKit.framework/Headers/SKSearch.h:505: error: expected declaration specifiers or â€˜...â€™ before â€˜SKSearchResultsFilterCallBackâ€™
/System/Library/Frameworks/CoreServices.framework/Frameworks/SearchKit.framework/Headers/SKSearch.h:551: error: expected declaration specifiers or â€˜...â€™ before â€˜CFArrayRefâ€™
/System/Library/Frameworks/CoreServices.framework/Frameworks/SearchKit.framework/Headers/SKSearch.h:552: error: expected declaration specifiers or â€˜...â€™ before â€˜CFIndexâ€™
/System/Library/Frameworks/CoreServices.framework/Frameworks/SearchKit.framework/Headers/SKSearch.h:554: error: expected declaration specifiers or â€˜...â€™ before â€˜SKSearchResultsFilterCallBackâ€™
/System/Library/Frameworks/CoreServices.framework/Frameworks/SearchKit.framework/Headers/SKSearch.h:569: error: expected â€˜=â€™, â€˜,â€™, â€˜;â€™, â€˜asmâ€™ or â€˜__attribute__â€™ before â€˜SKSearchResultsGetCountâ€™
/System/Library/Frameworks/CoreServices.framework/Frameworks/SearchKit.framework/Headers/SKSearch.h:618: error: expected â€˜=â€™, â€˜,â€™, â€˜;â€™, â€˜asmâ€™ or â€˜__attribute__â€™ before â€˜SKSearchResultsGetInfoInRangeâ€™
/System/Library/Frameworks/CoreServices.framework/Frameworks/SearchKit.framework/Headers/SKSearch.h:650: error: expected â€˜=â€™, â€˜,â€™, â€˜;â€™, â€˜asmâ€™ or â€˜__attribute__â€™ before â€˜SKSearchResultsCopyMatchingTermsâ€™
In file included from /System/Library/Frameworks/CoreServices.framework/Frameworks/SearchKit.framework/Headers/SearchKit.h:46,
                 from /System/Library/Frameworks/CoreServices.framework/Headers/CoreServices.h:45,
                 from fsevent_sleep.c:1:
/System/Library/Frameworks/CoreServices.framework/Frameworks/SearchKit.framework/Headers/SKSummary.h:69: error: expected â€˜=â€™, â€˜,â€™, â€˜;â€™, â€˜asmâ€™ or â€˜__attribute__â€™ before â€˜SKSummaryGetTypeIDâ€™
/System/Library/Frameworks/CoreServices.framework/Frameworks/SearchKit.framework/Headers/SKSummary.h:97: error: expected â€˜)â€™ before â€˜inStringâ€™
/System/Library/Frameworks/CoreServices.framework/Frameworks/SearchKit.framework/Headers/SKSummary.h:117: error: expected â€˜=â€™, â€˜,â€™, â€˜;â€™, â€˜asmâ€™ or â€˜__attribute__â€™ before â€˜SKSummaryGetSentenceCountâ€™
/System/Library/Frameworks/CoreServices.framework/Frameworks/SearchKit.framework/Headers/SKSummary.h:137: error: expected â€˜=â€™, â€˜,â€™, â€˜;â€™, â€˜asmâ€™ or â€˜__attribute__â€™ before â€˜SKSummaryGetParagraphCountâ€™
/System/Library/Frameworks/CoreServices.framework/Frameworks/SearchKit.framework/Headers/SKSummary.h:160: error: expected â€˜=â€™, â€˜,â€™, â€˜;â€™, â€˜asmâ€™ or â€˜__attribute__â€™ before â€˜SKSummaryCopySentenceAtIndexâ€™
/System/Library/Frameworks/CoreServices.framework/Frameworks/SearchKit.framework/Headers/SKSummary.h:185: error: expected â€˜=â€™, â€˜,â€™, â€˜;â€™, â€˜asmâ€™ or â€˜__attribute__â€™ before â€˜SKSummaryCopyParagraphAtIndexâ€™
/System/Library/Frameworks/CoreServices.framework/Frameworks/SearchKit.framework/Headers/SKSummary.h:211: error: expected â€˜=â€™, â€˜,â€™, â€˜;â€™, â€˜asmâ€™ or â€˜__attribute__â€™ before â€˜SKSummaryCopySentenceSummaryStringâ€™
/System/Library/Frameworks/CoreServices.framework/Frameworks/SearchKit.framework/Headers/SKSummary.h:237: error: expected â€˜=â€™, â€˜,â€™, â€˜;â€™, â€˜asmâ€™ or â€˜__attribute__â€™ before â€˜SKSummaryCopyParagraphSummaryStringâ€™
/System/Library/Frameworks/CoreServices.framework/Frameworks/SearchKit.framework/Headers/SKSummary.h:278: error: expected â€˜=â€™, â€˜,â€™, â€˜;â€™, â€˜asmâ€™ or â€˜__attribute__â€™ before â€˜SKSummaryGetSentenceSummaryInfoâ€™
/System/Library/Frameworks/CoreServices.framework/Frameworks/SearchKit.framework/Headers/SKSummary.h:318: error: expected â€˜=â€™, â€˜,â€™, â€˜;â€™, â€˜asmâ€™ or â€˜__attribute__â€™ before â€˜SKSummaryGetParagraphSummaryInfoâ€™
In file included from fsevent_sleep.c:1:
/System/Library/Frameworks/CoreServices.framework/Headers/CoreServices.h:48:31: error: Metadata/Metadata.h: No such file or directory
/System/Library/Frameworks/CoreServices.framework/Headers/CoreServices.h:49:51: error: DictionaryServices/DictionaryServices.h: No such file or directory
fsevent_sleep.c:3: error: expected â€˜)â€™ before â€˜streamRefâ€™
fsevent_sleep.c: In function â€˜mainâ€™:
fsevent_sleep.c:15: warning: incompatible implicit declaration of built-in function â€˜printfâ€™
fsevent_sleep.c:17: warning: incompatible implicit declaration of built-in function â€˜exitâ€™
fsevent_sleep.c:21: error: â€˜CFStringRefâ€™ undeclared (first use in this function)
fsevent_sleep.c:21: error: (Each undeclared identifier is reported only once
fsevent_sleep.c:21: error: for each function it appears in.)
fsevent_sleep.c:21: error: expected â€˜;â€™ before â€˜pathToWatchâ€™
fsevent_sleep.c:22: error: â€˜CFArrayRefâ€™ undeclared (first use in this function)
fsevent_sleep.c:22: error: expected â€˜;â€™ before â€˜pathsToWatchâ€™
fsevent_sleep.c:23: error: â€˜NULLâ€™ undeclared (first use in this function)
fsevent_sleep.c:24: error: â€˜FSEventStreamRefâ€™ undeclared (first use in this function)
fsevent_sleep.c:24: error: expected â€˜;â€™ before â€˜streamâ€™
fsevent_sleep.c:25: error: â€˜CFAbsoluteTimeâ€™ undeclared (first use in this function)
fsevent_sleep.c:25: error: expected â€˜;â€™ before â€˜latencyâ€™
fsevent_sleep.c:26: error: â€˜streamâ€™ undeclared (first use in this function)
fsevent_sleep.c:27: error: â€˜kCFAllocatorDefaultâ€™ undeclared (first use in this function)
fsevent_sleep.c:28: error: â€˜callbackâ€™ undeclared (first use in this function)
fsevent_sleep.c:30: error: â€˜pathsToWatchâ€™ undeclared (first use in this function)
fsevent_sleep.c:31: error: â€˜kFSEventStreamEventIdSinceNowâ€™ undeclared (first use in this function)
fsevent_sleep.c:32: error: â€˜latencyâ€™ undeclared (first use in this function)
fsevent_sleep.c:33: error: â€˜kFSEventStreamCreateFlagNoneâ€™ undeclared (first use in this function)
fsevent_sleep.c:37: error: â€˜kCFRunLoopDefaultModeâ€™ undeclared (first use in this function)
extconf.rb:33:in `<main>': [1;31mCompilation of fsevent_sleep binary failed - see README for assistance[0m (RuntimeError)
